<?xml version="1.0" encoding="UTF-8"?>
<!-- Generated by org.testng.reporters.JUnitReportReporter -->
<testsuite skipped="0" hostname="DESKTOP-9APJJMU" name="com.teqsar.test.HomePage" tests="1" failures="0" timestamp="05 Feb 2021 10:28:20 GMT" time="14.640" errors="0">
  <testcase name="test2" time="14.640" classname="com.teqsar.test.HomePage"/>
</testsuite> <!-- com.teqsar.test.HomePage -->
