<?xml version="1.0" encoding="UTF-8"?>
<!-- Generated by org.testng.reporters.JUnitReportReporter -->
<testsuite skipped="0" hostname="DESKTOP-9APJJMU" name="com.teqsar.test.OranegHRMLogin" tests="1" failures="0" timestamp="09 Feb 2021 11:36:28 GMT" time="8.173" errors="0">
  <testcase name="loginTest" time="8.173" classname="com.teqsar.test.OranegHRMLogin"/>
</testsuite> <!-- com.teqsar.test.OranegHRMLogin -->
