<?xml version="1.0" encoding="UTF-8"?>
<!-- Generated by org.testng.reporters.JUnitReportReporter -->
<testsuite skipped="0" hostname="DESKTOP-9APJJMU" name="com.teqsar.test.WebTableToSpreedsheet" tests="1" failures="0" timestamp="10 May 2021 08:03:34 GMT" time="16.639" errors="0">
  <testcase name="webTableTest" time="16.639" classname="com.teqsar.test.WebTableToSpreedsheet"/>
</testsuite> <!-- com.teqsar.test.WebTableToSpreedsheet -->
